PLINK v2.00a3LM 64-bit Intel (28 Oct 2020)
Options in effect:
  --allow-extra-chr
  --bfile /fastdata/bop21kgl/Sequioa1/sequoiapruneddeduplicatedrenamedcorrected
  --make-grm-list
  --out Corrected572

Hostname: bessemer-node001.shef.ac.uk
Working directory: /mnt/fastdata/bop21kgl/RawData/allplates/FinalSTITCHImputationExtraSamples
Start time: Mon Mar 24 14:25:09 2025

Random number seed: 1742826309
191856 MiB RAM detected; reserving 95928 MiB for main workspace.
Using up to 40 threads (change this with --threads).
1935 samples (0 females, 0 males, 1935 ambiguous; 1935 founders) loaded from
/fastdata/bop21kgl/Sequioa1/sequoiapruneddeduplicatedrenamedcorrected.fam.
572 variants loaded from
/fastdata/bop21kgl/Sequioa1/sequoiapruneddeduplicatedrenamedcorrected.bim.
Note: No phenotype data present.
Calculating allele frequencies... done.
Constructing GRM: done.
Correcting for missingness... done.
--make-grm-list: GRM written to Corrected572.grm , and IDs to
Corrected572.grm.id .

End time: Mon Mar 24 14:25:10 2025
