PLINK v2.00a3LM 64-bit Intel (28 Oct 2020)
Options in effect:
  --allow-extra-chr
  --bfile mergedimputedautosomesextrasamplesfilteredmaf0.01miss0.01deduplicatedrenamecorrected
  --make-grm-list

Hostname: bessemer-node001.shef.ac.uk
Working directory: /mnt/fastdata/bop21kgl/ROH
Start time: Thu Apr 10 13:52:48 2025

Random number seed: 1744289568
191856 MiB RAM detected; reserving 95928 MiB for main workspace.
Using up to 40 threads (change this with --threads).
1935 samples (0 females, 0 males, 1935 ambiguous; 1935 founders) loaded from
mergedimputedautosomesextrasamplesfilteredmaf0.01miss0.01deduplicatedrenamecorrected.fam.
1890803 variants loaded from
mergedimputedautosomesextrasamplesfilteredmaf0.01miss0.01deduplicatedrenamecorrected.bim.
Note: No phenotype data present.
Calculating allele frequencies... done.
Constructing GRM: done.
Correcting for missingness... done.
--make-grm-list: GRM written to plink2.grm , and IDs to plink2.grm.id .

End time: Thu Apr 10 14:18:46 2025
